Info: Starting: Create block symbol file (.bsf)
Info: qsys-generate C:\Users\Ranjith\Desktop\nios_withsdram\nios_with_sdram.qsys --block-symbol-file --output-directory=C:\Users\Ranjith\Desktop\nios_withsdram\nios_with_sdram --family="Cyclone IV E" --part=EP4CE22F17C6
Progress: Loading nios_withsdram/nios_with_sdram.qsys
Progress: Reading input file
Progress: Adding clk_0 [clock_source 17.1]
Progress: Parameterizing module clk_0
Progress: Adding jtag_uart_0 [altera_avalon_jtag_uart 17.1]
Progress: Parameterizing module jtag_uart_0
Progress: Adding my_sdram_0 [my_sdram 1.0]
Progress: Parameterizing module my_sdram_0
Progress: Adding nios2_gen2_0 [altera_nios2_gen2 17.1]
Progress: Parameterizing module nios2_gen2_0
Progress: Adding onchip_memory2_0 [altera_avalon_onchip_memory2 17.1]
Progress: Parameterizing module onchip_memory2_0
Progress: Adding shift_clk [altpll 17.1]
Progress: Parameterizing module shift_clk
Progress: Building connections
Progress: Parameterizing connections
Progress: Validating
Progress: Done reading input file
Info: nios_with_sdram.jtag_uart_0: JTAG UART IP input clock need to be at least double (2x) the operating frequency of JTAG TCK on board
Info: qsys-generate succeeded.
Info: Finished: Create block symbol file (.bsf)
Info: 
Info: Starting: Create HDL design files for synthesis
Info: qsys-generate C:\Users\Ranjith\Desktop\nios_withsdram\nios_with_sdram.qsys --synthesis=VERILOG --output-directory=C:\Users\Ranjith\Desktop\nios_withsdram\nios_with_sdram\synthesis --family="Cyclone IV E" --part=EP4CE22F17C6
Progress: Loading nios_withsdram/nios_with_sdram.qsys
Progress: Reading input file
Progress: Adding clk_0 [clock_source 17.1]
Progress: Parameterizing module clk_0
Progress: Adding jtag_uart_0 [altera_avalon_jtag_uart 17.1]
Progress: Parameterizing module jtag_uart_0
Progress: Adding my_sdram_0 [my_sdram 1.0]
Progress: Parameterizing module my_sdram_0
Progress: Adding nios2_gen2_0 [altera_nios2_gen2 17.1]
Progress: Parameterizing module nios2_gen2_0
Progress: Adding onchip_memory2_0 [altera_avalon_onchip_memory2 17.1]
Progress: Parameterizing module onchip_memory2_0
Progress: Adding shift_clk [altpll 17.1]
Progress: Parameterizing module shift_clk
Progress: Building connections
Progress: Parameterizing connections
Progress: Validating
Progress: Done reading input file
Info: nios_with_sdram.jtag_uart_0: JTAG UART IP input clock need to be at least double (2x) the operating frequency of JTAG TCK on board
Info: nios_with_sdram: Generating nios_with_sdram "nios_with_sdram" for QUARTUS_SYNTH
Info: jtag_uart_0: Starting RTL generation for module 'nios_with_sdram_jtag_uart_0'
Info: jtag_uart_0:   Generation command is [exec C:/intelfpga_lite/17.1/quartus/bin64/perl/bin/perl.exe -I C:/intelfpga_lite/17.1/quartus/bin64/perl/lib -I C:/intelfpga_lite/17.1/quartus/sopc_builder/bin/europa -I C:/intelfpga_lite/17.1/quartus/sopc_builder/bin/perl_lib -I C:/intelfpga_lite/17.1/quartus/sopc_builder/bin -I C:/intelfpga_lite/17.1/quartus/../ip/altera/sopc_builder_ip/common -I C:/intelfpga_lite/17.1/quartus/../ip/altera/sopc_builder_ip/altera_avalon_jtag_uart -- C:/intelfpga_lite/17.1/quartus/../ip/altera/sopc_builder_ip/altera_avalon_jtag_uart/generate_rtl.pl --name=nios_with_sdram_jtag_uart_0 --dir=C:/Users/Ranjith/AppData/Local/Temp/alt7655_9180304884251355320.dir/0002_jtag_uart_0_gen/ --quartus_dir=C:/intelfpga_lite/17.1/quartus --verilog --config=C:/Users/Ranjith/AppData/Local/Temp/alt7655_9180304884251355320.dir/0002_jtag_uart_0_gen//nios_with_sdram_jtag_uart_0_component_configuration.pl  --do_build_sim=0  ]
Info: jtag_uart_0: Done RTL generation for module 'nios_with_sdram_jtag_uart_0'
Info: jtag_uart_0: "nios_with_sdram" instantiated altera_avalon_jtag_uart "jtag_uart_0"
Info: my_sdram_0: "nios_with_sdram" instantiated my_sdram "my_sdram_0"
Info: nios2_gen2_0: "nios_with_sdram" instantiated altera_nios2_gen2 "nios2_gen2_0"
Info: onchip_memory2_0: Starting RTL generation for module 'nios_with_sdram_onchip_memory2_0'
Info: onchip_memory2_0:   Generation command is [exec C:/intelfpga_lite/17.1/quartus/bin64/perl/bin/perl.exe -I C:/intelfpga_lite/17.1/quartus/bin64/perl/lib -I C:/intelfpga_lite/17.1/quartus/sopc_builder/bin/europa -I C:/intelfpga_lite/17.1/quartus/sopc_builder/bin/perl_lib -I C:/intelfpga_lite/17.1/quartus/sopc_builder/bin -I C:/intelfpga_lite/17.1/quartus/../ip/altera/sopc_builder_ip/common -I C:/intelfpga_lite/17.1/quartus/../ip/altera/sopc_builder_ip/altera_avalon_onchip_memory2 -- C:/intelfpga_lite/17.1/quartus/../ip/altera/sopc_builder_ip/altera_avalon_onchip_memory2/generate_rtl.pl --name=nios_with_sdram_onchip_memory2_0 --dir=C:/Users/Ranjith/AppData/Local/Temp/alt7655_9180304884251355320.dir/0004_onchip_memory2_0_gen/ --quartus_dir=C:/intelfpga_lite/17.1/quartus --verilog --config=C:/Users/Ranjith/AppData/Local/Temp/alt7655_9180304884251355320.dir/0004_onchip_memory2_0_gen//nios_with_sdram_onchip_memory2_0_component_configuration.pl  --do_build_sim=0  ]
Info: onchip_memory2_0: Done RTL generation for module 'nios_with_sdram_onchip_memory2_0'
Info: onchip_memory2_0: "nios_with_sdram" instantiated altera_avalon_onchip_memory2 "onchip_memory2_0"
Info: shift_clk: "nios_with_sdram" instantiated altpll "shift_clk"
Info: avalon_st_adapter: Inserting error_adapter: error_adapter_0
Info: avalon_st_adapter_001: Inserting error_adapter: error_adapter_0
Info: avalon_st_adapter_002: Inserting error_adapter: error_adapter_0
Info: avalon_st_adapter_003: Inserting error_adapter: error_adapter_0
Info: avalon_st_adapter_004: Inserting error_adapter: error_adapter_0
Info: mm_interconnect_0: "nios_with_sdram" instantiated altera_mm_interconnect "mm_interconnect_0"
Info: irq_mapper: "nios_with_sdram" instantiated altera_irq_mapper "irq_mapper"
Info: rst_controller: "nios_with_sdram" instantiated altera_reset_controller "rst_controller"
Info: cpu: Starting RTL generation for module 'nios_with_sdram_nios2_gen2_0_cpu'
Info: cpu:   Generation command is [exec C:/intelFPGA_lite/17.1/quartus/bin64//eperlcmd.exe -I C:/intelFPGA_lite/17.1/quartus/bin64//perl/lib -I C:/intelfpga_lite/17.1/quartus/sopc_builder/bin/europa -I C:/intelfpga_lite/17.1/quartus/sopc_builder/bin/perl_lib -I C:/intelfpga_lite/17.1/quartus/sopc_builder/bin -I C:/intelfpga_lite/17.1/quartus/../ip/altera/nios2_ip/altera_nios2_gen2/cpu_lib -I C:/intelfpga_lite/17.1/quartus/../ip/altera/nios2_ip/altera_nios2_gen2/nios_lib -I C:/intelfpga_lite/17.1/quartus/../ip/altera/nios2_ip/altera_nios2_gen2 -I C:/intelfpga_lite/17.1/quartus/../ip/altera/nios2_ip/altera_nios2_gen2 -- C:/intelfpga_lite/17.1/quartus/../ip/altera/nios2_ip/altera_nios2_gen2/generate_rtl.epl --name=nios_with_sdram_nios2_gen2_0_cpu --dir=C:/Users/Ranjith/AppData/Local/Temp/alt7655_9180304884251355320.dir/0009_cpu_gen/ --quartus_bindir=C:/intelFPGA_lite/17.1/quartus/bin64/ --verilog --config=C:/Users/Ranjith/AppData/Local/Temp/alt7655_9180304884251355320.dir/0009_cpu_gen//nios_with_sdram_nios2_gen2_0_cpu_processor_configuration.pl  --do_build_sim=0  ]
Info: cpu: # 2018.05.04 13:07:03 (*) Starting Nios II generation
Info: cpu: # 2018.05.04 13:07:03 (*)   Checking for plaintext license.
Info: cpu: # 2018.05.04 13:07:04 (*)   Couldn't query license setup in Quartus directory C:/intelFPGA_lite/17.1/quartus/bin64/
Info: cpu: # 2018.05.04 13:07:04 (*)   Defaulting to contents of LM_LICENSE_FILE environment variable
Info: cpu: # 2018.05.04 13:07:04 (*)   LM_LICENSE_FILE environment variable is empty
Info: cpu: # 2018.05.04 13:07:04 (*)   Plaintext license not found.
Info: cpu: # 2018.05.04 13:07:04 (*)   No license required to generate encrypted Nios II/e.
Info: cpu: # 2018.05.04 13:07:04 (*)   Elaborating CPU configuration settings
Info: cpu: # 2018.05.04 13:07:04 (*)   Creating all objects for CPU
Info: cpu: # 2018.05.04 13:07:05 (*)   Generating RTL from CPU objects
Info: cpu: # 2018.05.04 13:07:05 (*)   Creating plain-text RTL
Info: cpu: # 2018.05.04 13:07:06 (*) Done Nios II generation
Info: cpu: Done RTL generation for module 'nios_with_sdram_nios2_gen2_0_cpu'
Info: cpu: "nios2_gen2_0" instantiated altera_nios2_gen2_unit "cpu"
Info: nios2_gen2_0_data_master_translator: "mm_interconnect_0" instantiated altera_merlin_master_translator "nios2_gen2_0_data_master_translator"
Info: jtag_uart_0_avalon_jtag_slave_translator: "mm_interconnect_0" instantiated altera_merlin_slave_translator "jtag_uart_0_avalon_jtag_slave_translator"
Info: nios2_gen2_0_data_master_agent: "mm_interconnect_0" instantiated altera_merlin_master_agent "nios2_gen2_0_data_master_agent"
Info: jtag_uart_0_avalon_jtag_slave_agent: "mm_interconnect_0" instantiated altera_merlin_slave_agent "jtag_uart_0_avalon_jtag_slave_agent"
Info: jtag_uart_0_avalon_jtag_slave_agent_rsp_fifo: "mm_interconnect_0" instantiated altera_avalon_sc_fifo "jtag_uart_0_avalon_jtag_slave_agent_rsp_fifo"
Info: router: "mm_interconnect_0" instantiated altera_merlin_router "router"
Info: router_002: "mm_interconnect_0" instantiated altera_merlin_router "router_002"
Info: router_003: "mm_interconnect_0" instantiated altera_merlin_router "router_003"
Info: my_sdram_0_avalon_slave_0_burst_adapter: "mm_interconnect_0" instantiated altera_merlin_burst_adapter "my_sdram_0_avalon_slave_0_burst_adapter"
Info: cmd_demux: "mm_interconnect_0" instantiated altera_merlin_demultiplexer "cmd_demux"
Info: cmd_mux: "mm_interconnect_0" instantiated altera_merlin_multiplexer "cmd_mux"
Info: rsp_demux: "mm_interconnect_0" instantiated altera_merlin_demultiplexer "rsp_demux"
Info: rsp_mux: "mm_interconnect_0" instantiated altera_merlin_multiplexer "rsp_mux"
Info: Reusing file C:/Users/Ranjith/Desktop/nios_withsdram/nios_with_sdram/synthesis/submodules/altera_merlin_arbitrator.sv
Info: my_sdram_0_avalon_slave_0_rsp_width_adapter: "mm_interconnect_0" instantiated altera_merlin_width_adapter "my_sdram_0_avalon_slave_0_rsp_width_adapter"
Info: Reusing file C:/Users/Ranjith/Desktop/nios_withsdram/nios_with_sdram/synthesis/submodules/altera_merlin_address_alignment.sv
Info: Reusing file C:/Users/Ranjith/Desktop/nios_withsdram/nios_with_sdram/synthesis/submodules/altera_merlin_burst_uncompressor.sv
Info: avalon_st_adapter: "mm_interconnect_0" instantiated altera_avalon_st_adapter "avalon_st_adapter"
Info: avalon_st_adapter_001: "mm_interconnect_0" instantiated altera_avalon_st_adapter "avalon_st_adapter_001"
Info: error_adapter_0: "avalon_st_adapter" instantiated error_adapter "error_adapter_0"
Info: error_adapter_0: "avalon_st_adapter_001" instantiated error_adapter "error_adapter_0"
Info: nios_with_sdram: Done "nios_with_sdram" with 28 modules, 50 files
Info: qsys-generate succeeded.
Info: Finished: Create HDL design files for synthesis
