13:59:18 **** Build of configuration Nios II for project sdram_software ****
make all 
Info: Building ../sdram_software_bsp/
C:/intelFPGA_lite/17.1/nios2eds/bin/gnu/H-x86_64-mingw32/bin/make --no-print-directory -C ../sdram_software_bsp/
[BSP build complete]
[sdram_software build complete]
13:59:26 **** Build of configuration Nios II for project sdram_software ****
make all 
Info: Building ../sdram_software_bsp/
C:/intelFPGA_lite/17.1/nios2eds/bin/gnu/H-x86_64-mingw32/bin/make --no-print-directory -C ../sdram_software_bsp/
[BSP build complete]
[sdram_software build complete]
13:59:28 **** Incremental Build of configuration Nios II for project sdram_software ****
make all 
Info: Building ../sdram_software_bsp/
C:/intelFPGA_lite/17.1/nios2eds/bin/gnu/H-x86_64-mingw32/bin/make --no-print-directory -C ../sdram_software_bsp/
[BSP build complete]
[sdram_software build complete]
14:00:06 **** Incremental Build of configuration Nios II for project sdram_software ****
make all 
Info: Building ../sdram_software_bsp/
C:/intelFPGA_lite/17.1/nios2eds/bin/gnu/H-x86_64-mingw32/bin/make --no-print-directory -C ../sdram_software_bsp/
[BSP build complete]
Info: Compiling hello_world_small.c to obj/default/hello_world_small.o
nios2-elf-gcc -xc -MP -MMD -c -I../sdram_software_bsp//HAL/inc -I../sdram_software_bsp/ -I../sdram_software_bsp//drivers/inc  -pipe -D__hal__ -DALT_NO_C_PLUS_PLUS -DALT_NO_CLEAN_EXIT -D'exit(a)=_exit(a)' -DALT_NO_EXIT -DALT_USE_DIRECT_DRIVERS -DALT_NO_INSTRUCTION_EMULATION -DALT_USE_SMALL_DRIVERS -DSMALL_C_LIB -DALT_SINGLE_THREADED    -Os -g -Wall   -mno-hw-div -mno-hw-mul -mno-hw-mulx -mgpopt=global  -o obj/default/hello_world_small.o hello_world_small.c
hello_world_small.c: In function 'main':
hello_world_small.c:119:2: warning: implicit declaration of function 'usleep' [-Wimplicit-function-declaration]
  usleep();
  ^
hello_world_small.c:96:8: warning: unused variable 'data7' [-Wunused-variable]
  short data7 = 0x7777;
        ^
hello_world_small.c:95:8: warning: unused variable 'data6' [-Wunused-variable]
  short data6 = 0x6666;
        ^
Info: Linking sdram_software.elf
nios2-elf-g++  -T'../sdram_software_bsp//linker.x' -msys-crt0='../sdram_software_bsp//obj/HAL/src/crt0.o' -msys-lib=hal_bsp -L../sdram_software_bsp/  -msmallc  -Wl,-Map=sdram_software.map   -Os -g -Wall   -mno-hw-div -mno-hw-mul -mno-hw-mulx -mgpopt=global  -o sdram_software.elf obj/default/hello_world_small.o -lm -msys-lib=m
nios2-elf-insert sdram_software.elf --thread_model hal --cpu_name nios2_gen2_0 --qsys true --simulation_enabled false --stderr_dev jtag_uart_0 --stdin_dev jtag_uart_0 --stdout_dev jtag_uart_0 --sopc_system_name nios_with_sdram --quartus_project_dir "C:/Users/Ranjith/Desktop/nios_withsdram" --jdi ../..//output_files/nios_with_sdraomcontroller.jdi --sopcinfo C:/Users/Ranjith/Desktop/nios_withsdram/software/sdram_software_bsp/../../nios_with_sdram.sopcinfo
Info: (sdram_software.elf) 4540 Bytes program size (code + initialized data).
Info:                      27 KBytes free for stack + heap.
Info: Creating sdram_software.objdump
nios2-elf-objdump --disassemble --syms --all-header --source sdram_software.elf >sdram_software.objdump
[sdram_software build complete]
14:14:39 **** Incremental Build of configuration Nios II for project sdram_software ****
make all 
Info: Building ../sdram_software_bsp/
C:/intelFPGA_lite/17.1/nios2eds/bin/gnu/H-x86_64-mingw32/bin/make --no-print-directory -C ../sdram_software_bsp/
[BSP build complete]
Info: Compiling hello_world_small.c to obj/default/hello_world_small.o
nios2-elf-gcc -xc -MP -MMD -c -I../sdram_software_bsp//HAL/inc -I../sdram_software_bsp/ -I../sdram_software_bsp//drivers/inc  -pipe -D__hal__ -DALT_NO_C_PLUS_PLUS -DALT_NO_CLEAN_EXIT -D'exit(a)=_exit(a)' -DALT_NO_EXIT -DALT_USE_DIRECT_DRIVERS -DALT_NO_INSTRUCTION_EMULATION -DALT_USE_SMALL_DRIVERS -DSMALL_C_LIB -DALT_SINGLE_THREADED    -Os -g -Wall   -mno-hw-div -mno-hw-mul -mno-hw-mulx -mgpopt=global  -o obj/default/hello_world_small.o hello_world_small.c
hello_world_small.c: In function 'main':
hello_world_small.c:106:15: warning: overflow in implicit constant conversion [-Woverflow]
  short data17=0x347AE;
               ^
hello_world_small.c:168:7: warning: implicit declaration of function 'usleep' [-Wimplicit-function-declaration]
       usleep();
       ^
hello_world_small.c:106:8: warning: unused variable 'data17' [-Wunused-variable]
  short data17=0x347AE;
        ^
hello_world_small.c:104:8: warning: unused variable 'data15' [-Wunused-variable]
  short data15 =0xFFFF;
        ^
hello_world_small.c:103:8: warning: unused variable 'data14' [-Wunused-variable]
  short data14 =0xEEEE;
        ^
hello_world_small.c:102:8: warning: unused variable 'data13' [-Wunused-variable]
  short data13 =0xDDDD;
        ^
hello_world_small.c:101:8: warning: unused variable 'data12' [-Wunused-variable]
  short data12 =0xCCCC;
        ^
hello_world_small.c:100:8: warning: unused variable 'data11' [-Wunused-variable]
  short data11 =0xBBBB;
        ^
hello_world_small.c:99:8: warning: unused variable 'data10' [-Wunused-variable]
  short data10 =0xAAAA;
        ^
hello_world_small.c:98:8: warning: unused variable 'data9' [-Wunused-variable]
  short data9 = 0x9999;
        ^
hello_world_small.c:96:8: warning: unused variable 'data7' [-Wunused-variable]
  short data7 = 0x7777;
        ^
hello_world_small.c:95:8: warning: unused variable 'data6' [-Wunused-variable]
  short data6 = 0x6666;
        ^
Info: Linking sdram_software.elf
nios2-elf-g++  -T'../sdram_software_bsp//linker.x' -msys-crt0='../sdram_software_bsp//obj/HAL/src/crt0.o' -msys-lib=hal_bsp -L../sdram_software_bsp/  -msmallc  -Wl,-Map=sdram_software.map   -Os -g -Wall   -mno-hw-div -mno-hw-mul -mno-hw-mulx -mgpopt=global  -o sdram_software.elf obj/default/hello_world_small.o -lm -msys-lib=m
nios2-elf-insert sdram_software.elf --thread_model hal --cpu_name nios2_gen2_0 --qsys true --simulation_enabled false --stderr_dev jtag_uart_0 --stdin_dev jtag_uart_0 --stdout_dev jtag_uart_0 --sopc_system_name nios_with_sdram --quartus_project_dir "C:/Users/Ranjith/Desktop/nios_withsdram" --jdi ../..//output_files/nios_with_sdraomcontroller.jdi --sopcinfo C:/Users/Ranjith/Desktop/nios_withsdram/software/sdram_software_bsp/../../nios_with_sdram.sopcinfo
Info: (sdram_software.elf) 5268 Bytes program size (code + initialized data).
Info:                      26 KBytes free for stack + heap.
Info: Creating sdram_software.objdump
nios2-elf-objdump --disassemble --syms --all-header --source sdram_software.elf >sdram_software.objdump
[sdram_software build complete]
14:15:14 **** Incremental Build of configuration Nios II for project sdram_software ****
make all 
Info: Building ../sdram_software_bsp/
C:/intelFPGA_lite/17.1/nios2eds/bin/gnu/H-x86_64-mingw32/bin/make --no-print-directory -C ../sdram_software_bsp/
[BSP build complete]
Info: Compiling hello_world_small.c to obj/default/hello_world_small.o
nios2-elf-gcc -xc -MP -MMD -c -I../sdram_software_bsp//HAL/inc -I../sdram_software_bsp/ -I../sdram_software_bsp//drivers/inc  -pipe -D__hal__ -DALT_NO_C_PLUS_PLUS -DALT_NO_CLEAN_EXIT -D'exit(a)=_exit(a)' -DALT_NO_EXIT -DALT_USE_DIRECT_DRIVERS -DALT_NO_INSTRUCTION_EMULATION -DALT_USE_SMALL_DRIVERS -DSMALL_C_LIB -DALT_SINGLE_THREADED    -Os -g -Wall   -mno-hw-div -mno-hw-mul -mno-hw-mulx -mgpopt=global  -o obj/default/hello_world_small.o hello_world_small.c
hello_world_small.c: In function 'main':
hello_world_small.c:106:15: warning: overflow in implicit constant conversion [-Woverflow]
  short data17=0x347AE;
               ^
hello_world_small.c:168:7: warning: implicit declaration of function 'usleep' [-Wimplicit-function-declaration]
       usleep();
       ^
hello_world_small.c:106:8: warning: unused variable 'data17' [-Wunused-variable]
  short data17=0x347AE;
        ^
hello_world_small.c:104:8: warning: unused variable 'data15' [-Wunused-variable]
  short data15 =0xFFFF;
        ^
hello_world_small.c:103:8: warning: unused variable 'data14' [-Wunused-variable]
  short data14 =0xEEEE;
        ^
hello_world_small.c:102:8: warning: unused variable 'data13' [-Wunused-variable]
  short data13 =0xDDDD;
        ^
hello_world_small.c:101:8: warning: unused variable 'data12' [-Wunused-variable]
  short data12 =0xCCCC;
        ^
hello_world_small.c:100:8: warning: unused variable 'data11' [-Wunused-variable]
  short data11 =0xBBBB;
        ^
hello_world_small.c:99:8: warning: unused variable 'data10' [-Wunused-variable]
  short data10 =0xAAAA;
        ^
hello_world_small.c:98:8: warning: unused variable 'data9' [-Wunused-variable]
  short data9 = 0x9999;
        ^
Info: Linking sdram_software.elf
nios2-elf-g++  -T'../sdram_software_bsp//linker.x' -msys-crt0='../sdram_software_bsp//obj/HAL/src/crt0.o' -msys-lib=hal_bsp -L../sdram_software_bsp/  -msmallc  -Wl,-Map=sdram_software.map   -Os -g -Wall   -mno-hw-div -mno-hw-mul -mno-hw-mulx -mgpopt=global  -o sdram_software.elf obj/default/hello_world_small.o -lm -msys-lib=m
nios2-elf-insert sdram_software.elf --thread_model hal --cpu_name nios2_gen2_0 --qsys true --simulation_enabled false --stderr_dev jtag_uart_0 --stdin_dev jtag_uart_0 --stdout_dev jtag_uart_0 --sopc_system_name nios_with_sdram --quartus_project_dir "C:/Users/Ranjith/Desktop/nios_withsdram" --jdi ../..//output_files/nios_with_sdraomcontroller.jdi --sopcinfo C:/Users/Ranjith/Desktop/nios_withsdram/software/sdram_software_bsp/../../nios_with_sdram.sopcinfo
Info: (sdram_software.elf) 5268 Bytes program size (code + initialized data).
Info:                      26 KBytes free for stack + heap.
Info: Creating sdram_software.objdump
nios2-elf-objdump --disassemble --syms --all-header --source sdram_software.elf >sdram_software.objdump
[sdram_software build complete]
14:15:55 **** Incremental Build of configuration Nios II for project sdram_software ****
make all 
Info: Building ../sdram_software_bsp/
C:/intelFPGA_lite/17.1/nios2eds/bin/gnu/H-x86_64-mingw32/bin/make --no-print-directory -C ../sdram_software_bsp/
[BSP build complete]
Info: Compiling hello_world_small.c to obj/default/hello_world_small.o
nios2-elf-gcc -xc -MP -MMD -c -I../sdram_software_bsp//HAL/inc -I../sdram_software_bsp/ -I../sdram_software_bsp//drivers/inc  -pipe -D__hal__ -DALT_NO_C_PLUS_PLUS -DALT_NO_CLEAN_EXIT -D'exit(a)=_exit(a)' -DALT_NO_EXIT -DALT_USE_DIRECT_DRIVERS -DALT_NO_INSTRUCTION_EMULATION -DALT_USE_SMALL_DRIVERS -DSMALL_C_LIB -DALT_SINGLE_THREADED    -Os -g -Wall   -mno-hw-div -mno-hw-mul -mno-hw-mulx -mgpopt=global  -o obj/default/hello_world_small.o hello_world_small.c
hello_world_small.c: In function 'main':
hello_world_small.c:106:15: warning: overflow in implicit constant conversion [-Woverflow]
  short data17=0x347AE;
               ^
hello_world_small.c:168:7: warning: implicit declaration of function 'usleep' [-Wimplicit-function-declaration]
       usleep();
       ^
hello_world_small.c:106:8: warning: unused variable 'data17' [-Wunused-variable]
  short data17=0x347AE;
        ^
hello_world_small.c:104:8: warning: unused variable 'data15' [-Wunused-variable]
  short data15 =0xFFFF;
        ^
hello_world_small.c:103:8: warning: unused variable 'data14' [-Wunused-variable]
  short data14 =0xEEEE;
        ^
hello_world_small.c:102:8: warning: unused variable 'data13' [-Wunused-variable]
  short data13 =0xDDDD;
        ^
hello_world_small.c:101:8: warning: unused variable 'data12' [-Wunused-variable]
  short data12 =0xCCCC;
        ^
hello_world_small.c:100:8: warning: unused variable 'data11' [-Wunused-variable]
  short data11 =0xBBBB;
        ^
hello_world_small.c:99:8: warning: unused variable 'data10' [-Wunused-variable]
  short data10 =0xAAAA;
        ^
hello_world_small.c:98:8: warning: unused variable 'data9' [-Wunused-variable]
  short data9 = 0x9999;
        ^
Info: Linking sdram_software.elf
nios2-elf-g++  -T'../sdram_software_bsp//linker.x' -msys-crt0='../sdram_software_bsp//obj/HAL/src/crt0.o' -msys-lib=hal_bsp -L../sdram_software_bsp/  -msmallc  -Wl,-Map=sdram_software.map   -Os -g -Wall   -mno-hw-div -mno-hw-mul -mno-hw-mulx -mgpopt=global  -o sdram_software.elf obj/default/hello_world_small.o -lm -msys-lib=m
nios2-elf-insert sdram_software.elf --thread_model hal --cpu_name nios2_gen2_0 --qsys true --simulation_enabled false --stderr_dev jtag_uart_0 --stdin_dev jtag_uart_0 --stdout_dev jtag_uart_0 --sopc_system_name nios_with_sdram --quartus_project_dir "C:/Users/Ranjith/Desktop/nios_withsdram" --jdi ../..//output_files/nios_with_sdraomcontroller.jdi --sopcinfo C:/Users/Ranjith/Desktop/nios_withsdram/software/sdram_software_bsp/../../nios_with_sdram.sopcinfo
Info: (sdram_software.elf) 5304 Bytes program size (code + initialized data).
Info:                      26 KBytes free for stack + heap.
Info: Creating sdram_software.objdump
nios2-elf-objdump --disassemble --syms --all-header --source sdram_software.elf >sdram_software.objdump
[sdram_software build complete]
14:17:09 **** Incremental Build of configuration Nios II for project sdram_software ****
make all 
Info: Building ../sdram_software_bsp/
C:/intelFPGA_lite/17.1/nios2eds/bin/gnu/H-x86_64-mingw32/bin/make --no-print-directory -C ../sdram_software_bsp/
[BSP build complete]
Info: Compiling hello_world_small.c to obj/default/hello_world_small.o
nios2-elf-gcc -xc -MP -MMD -c -I../sdram_software_bsp//HAL/inc -I../sdram_software_bsp/ -I../sdram_software_bsp//drivers/inc  -pipe -D__hal__ -DALT_NO_C_PLUS_PLUS -DALT_NO_CLEAN_EXIT -D'exit(a)=_exit(a)' -DALT_NO_EXIT -DALT_USE_DIRECT_DRIVERS -DALT_NO_INSTRUCTION_EMULATION -DALT_USE_SMALL_DRIVERS -DSMALL_C_LIB -DALT_SINGLE_THREADED    -Os -g -Wall   -mno-hw-div -mno-hw-mul -mno-hw-mulx -mgpopt=global  -o obj/default/hello_world_small.o hello_world_small.c
hello_world_small.c: In function 'main':
hello_world_small.c:106:15: warning: overflow in implicit constant conversion [-Woverflow]
  short data17=0x347AE;
               ^
hello_world_small.c:168:7: warning: implicit declaration of function 'usleep' [-Wimplicit-function-declaration]
       usleep();
       ^
hello_world_small.c:106:8: warning: unused variable 'data17' [-Wunused-variable]
  short data17=0x347AE;
        ^
hello_world_small.c:104:8: warning: unused variable 'data15' [-Wunused-variable]
  short data15 =0xFFFF;
        ^
hello_world_small.c:103:8: warning: unused variable 'data14' [-Wunused-variable]
  short data14 =0xEEEE;
        ^
hello_world_small.c:102:8: warning: unused variable 'data13' [-Wunused-variable]
  short data13 =0xDDDD;
        ^
hello_world_small.c:101:8: warning: unused variable 'data12' [-Wunused-variable]
  short data12 =0xCCCC;
        ^
hello_world_small.c:100:8: warning: unused variable 'data11' [-Wunused-variable]
  short data11 =0xBBBB;
        ^
hello_world_small.c:99:8: warning: unused variable 'data10' [-Wunused-variable]
  short data10 =0xAAAA;
        ^
hello_world_small.c:98:8: warning: unused variable 'data9' [-Wunused-variable]
  short data9 = 0x9999;
        ^
Info: Linking sdram_software.elf
nios2-elf-g++  -T'../sdram_software_bsp//linker.x' -msys-crt0='../sdram_software_bsp//obj/HAL/src/crt0.o' -msys-lib=hal_bsp -L../sdram_software_bsp/  -msmallc  -Wl,-Map=sdram_software.map   -Os -g -Wall   -mno-hw-div -mno-hw-mul -mno-hw-mulx -mgpopt=global  -o sdram_software.elf obj/default/hello_world_small.o -lm -msys-lib=m
nios2-elf-insert sdram_software.elf --thread_model hal --cpu_name nios2_gen2_0 --qsys true --simulation_enabled false --stderr_dev jtag_uart_0 --stdin_dev jtag_uart_0 --stdout_dev jtag_uart_0 --sopc_system_name nios_with_sdram --quartus_project_dir "C:/Users/Ranjith/Desktop/nios_withsdram" --jdi ../..//output_files/nios_with_sdraomcontroller.jdi --sopcinfo C:/Users/Ranjith/Desktop/nios_withsdram/software/sdram_software_bsp/../../nios_with_sdram.sopcinfo
Info: (sdram_software.elf) 5324 Bytes program size (code + initialized data).
Info:                      26 KBytes free for stack + heap.
Info: Creating sdram_software.objdump
nios2-elf-objdump --disassemble --syms --all-header --source sdram_software.elf >sdram_software.objdump
[sdram_software build complete]
14:22:41 **** Incremental Build of configuration Nios II for project sdram_software ****
make all 
Info: Building ../sdram_software_bsp/
C:/intelFPGA_lite/17.1/nios2eds/bin/gnu/H-x86_64-mingw32/bin/make --no-print-directory -C ../sdram_software_bsp/
[BSP build complete]
Info: Compiling hello_world_small.c to obj/default/hello_world_small.o
nios2-elf-gcc -xc -MP -MMD -c -I../sdram_software_bsp//HAL/inc -I../sdram_software_bsp/ -I../sdram_software_bsp//drivers/inc  -pipe -D__hal__ -DALT_NO_C_PLUS_PLUS -DALT_NO_CLEAN_EXIT -D'exit(a)=_exit(a)' -DALT_NO_EXIT -DALT_USE_DIRECT_DRIVERS -DALT_NO_INSTRUCTION_EMULATION -DALT_USE_SMALL_DRIVERS -DSMALL_C_LIB -DALT_SINGLE_THREADED    -Os -g -Wall   -mno-hw-div -mno-hw-mul -mno-hw-mulx -mgpopt=global  -o obj/default/hello_world_small.o hello_world_small.c
hello_world_small.c: In function 'main':
hello_world_small.c:106:15: warning: overflow in implicit constant conversion [-Woverflow]
  short data17=0x347AE;
               ^
hello_world_small.c:106:8: warning: unused variable 'data17' [-Wunused-variable]
  short data17=0x347AE;
        ^
hello_world_small.c:98:8: warning: unused variable 'data9' [-Wunused-variable]
  short data9 = 0x9999;
        ^
hello_world_small.c:97:8: warning: unused variable 'data8' [-Wunused-variable]
  short data8 = 0x8888;
        ^
Info: Linking sdram_software.elf
nios2-elf-g++  -T'../sdram_software_bsp//linker.x' -msys-crt0='../sdram_software_bsp//obj/HAL/src/crt0.o' -msys-lib=hal_bsp -L../sdram_software_bsp/  -msmallc  -Wl,-Map=sdram_software.map   -Os -g -Wall   -mno-hw-div -mno-hw-mul -mno-hw-mulx -mgpopt=global  -o sdram_software.elf obj/default/hello_world_small.o -lm -msys-lib=m
nios2-elf-insert sdram_software.elf --thread_model hal --cpu_name nios2_gen2_0 --qsys true --simulation_enabled false --stderr_dev jtag_uart_0 --stdin_dev jtag_uart_0 --stdout_dev jtag_uart_0 --sopc_system_name nios_with_sdram --quartus_project_dir "C:/Users/Ranjith/Desktop/nios_withsdram" --jdi ../..//output_files/nios_with_sdraomcontroller.jdi --sopcinfo C:/Users/Ranjith/Desktop/nios_withsdram/software/sdram_software_bsp/../../nios_with_sdram.sopcinfo
Info: (sdram_software.elf) 5168 Bytes program size (code + initialized data).
Info:                      26 KBytes free for stack + heap.
Info: Creating sdram_software.objdump
nios2-elf-objdump --disassemble --syms --all-header --source sdram_software.elf >sdram_software.objdump
[sdram_software build complete]
14:24:14 **** Incremental Build of configuration Nios II for project sdram_software ****
make all 
Info: Building ../sdram_software_bsp/
C:/intelFPGA_lite/17.1/nios2eds/bin/gnu/H-x86_64-mingw32/bin/make --no-print-directory -C ../sdram_software_bsp/
[BSP build complete]
Info: Compiling hello_world_small.c to obj/default/hello_world_small.o
nios2-elf-gcc -xc -MP -MMD -c -I../sdram_software_bsp//HAL/inc -I../sdram_software_bsp/ -I../sdram_software_bsp//drivers/inc  -pipe -D__hal__ -DALT_NO_C_PLUS_PLUS -DALT_NO_CLEAN_EXIT -D'exit(a)=_exit(a)' -DALT_NO_EXIT -DALT_USE_DIRECT_DRIVERS -DALT_NO_INSTRUCTION_EMULATION -DALT_USE_SMALL_DRIVERS -DSMALL_C_LIB -DALT_SINGLE_THREADED    -Os -g -Wall   -mno-hw-div -mno-hw-mul -mno-hw-mulx -mgpopt=global  -o obj/default/hello_world_small.o hello_world_small.c
hello_world_small.c: In function 'main':
hello_world_small.c:106:15: warning: overflow in implicit constant conversion [-Woverflow]
  short data17=0x347AE;
               ^
hello_world_small.c:106:8: warning: unused variable 'data17' [-Wunused-variable]
  short data17=0x347AE;
        ^
hello_world_small.c:98:8: warning: unused variable 'data9' [-Wunused-variable]
  short data9 = 0x9999;
        ^
hello_world_small.c:97:8: warning: unused variable 'data8' [-Wunused-variable]
  short data8 = 0x8888;
        ^
Info: Linking sdram_software.elf
nios2-elf-g++  -T'../sdram_software_bsp//linker.x' -msys-crt0='../sdram_software_bsp//obj/HAL/src/crt0.o' -msys-lib=hal_bsp -L../sdram_software_bsp/  -msmallc  -Wl,-Map=sdram_software.map   -Os -g -Wall   -mno-hw-div -mno-hw-mul -mno-hw-mulx -mgpopt=global  -o sdram_software.elf obj/default/hello_world_small.o -lm -msys-lib=m
nios2-elf-insert sdram_software.elf --thread_model hal --cpu_name nios2_gen2_0 --qsys true --simulation_enabled false --stderr_dev jtag_uart_0 --stdin_dev jtag_uart_0 --stdout_dev jtag_uart_0 --sopc_system_name nios_with_sdram --quartus_project_dir "C:/Users/Ranjith/Desktop/nios_withsdram" --jdi ../..//output_files/nios_with_sdraomcontroller.jdi --sopcinfo C:/Users/Ranjith/Desktop/nios_withsdram/software/sdram_software_bsp/../../nios_with_sdram.sopcinfo
Info: (sdram_software.elf) 5160 Bytes program size (code + initialized data).
Info:                      26 KBytes free for stack + heap.
Info: Creating sdram_software.objdump
nios2-elf-objdump --disassemble --syms --all-header --source sdram_software.elf >sdram_software.objdump
[sdram_software build complete]
14:25:22 **** Incremental Build of configuration Nios II for project sdram_software ****
make all 
Info: Building ../sdram_software_bsp/
C:/intelFPGA_lite/17.1/nios2eds/bin/gnu/H-x86_64-mingw32/bin/make --no-print-directory -C ../sdram_software_bsp/
[BSP build complete]
Info: Compiling hello_world_small.c to obj/default/hello_world_small.o
nios2-elf-gcc -xc -MP -MMD -c -I../sdram_software_bsp//HAL/inc -I../sdram_software_bsp/ -I../sdram_software_bsp//drivers/inc  -pipe -D__hal__ -DALT_NO_C_PLUS_PLUS -DALT_NO_CLEAN_EXIT -D'exit(a)=_exit(a)' -DALT_NO_EXIT -DALT_USE_DIRECT_DRIVERS -DALT_NO_INSTRUCTION_EMULATION -DALT_USE_SMALL_DRIVERS -DSMALL_C_LIB -DALT_SINGLE_THREADED    -Os -g -Wall   -mno-hw-div -mno-hw-mul -mno-hw-mulx -mgpopt=global  -o obj/default/hello_world_small.o hello_world_small.c
hello_world_small.c: In function 'main':
hello_world_small.c:106:15: warning: overflow in implicit constant conversion [-Woverflow]
  short data17=0x347AE;
               ^
hello_world_small.c:106:8: warning: unused variable 'data17' [-Wunused-variable]
  short data17=0x347AE;
        ^
hello_world_small.c:98:8: warning: unused variable 'data9' [-Wunused-variable]
  short data9 = 0x9999;
        ^
hello_world_small.c:97:8: warning: unused variable 'data8' [-Wunused-variable]
  short data8 = 0x8888;
        ^
Info: Linking sdram_software.elf
nios2-elf-g++  -T'../sdram_software_bsp//linker.x' -msys-crt0='../sdram_software_bsp//obj/HAL/src/crt0.o' -msys-lib=hal_bsp -L../sdram_software_bsp/  -msmallc  -Wl,-Map=sdram_software.map   -Os -g -Wall   -mno-hw-div -mno-hw-mul -mno-hw-mulx -mgpopt=global  -o sdram_software.elf obj/default/hello_world_small.o -lm -msys-lib=m
nios2-elf-insert sdram_software.elf --thread_model hal --cpu_name nios2_gen2_0 --qsys true --simulation_enabled false --stderr_dev jtag_uart_0 --stdin_dev jtag_uart_0 --stdout_dev jtag_uart_0 --sopc_system_name nios_with_sdram --quartus_project_dir "C:/Users/Ranjith/Desktop/nios_withsdram" --jdi ../..//output_files/nios_with_sdraomcontroller.jdi --sopcinfo C:/Users/Ranjith/Desktop/nios_withsdram/software/sdram_software_bsp/../../nios_with_sdram.sopcinfo
Info: (sdram_software.elf) 5336 Bytes program size (code + initialized data).
Info:                      26 KBytes free for stack + heap.
Info: Creating sdram_software.objdump
nios2-elf-objdump --disassemble --syms --all-header --source sdram_software.elf >sdram_software.objdump
[sdram_software build complete]
14:26:53 **** Incremental Build of configuration Nios II for project sdram_software ****
make all 
Info: Building ../sdram_software_bsp/
C:/intelFPGA_lite/17.1/nios2eds/bin/gnu/H-x86_64-mingw32/bin/make --no-print-directory -C ../sdram_software_bsp/
[BSP build complete]
Info: Compiling hello_world_small.c to obj/default/hello_world_small.o
nios2-elf-gcc -xc -MP -MMD -c -I../sdram_software_bsp//HAL/inc -I../sdram_software_bsp/ -I../sdram_software_bsp//drivers/inc  -pipe -D__hal__ -DALT_NO_C_PLUS_PLUS -DALT_NO_CLEAN_EXIT -D'exit(a)=_exit(a)' -DALT_NO_EXIT -DALT_USE_DIRECT_DRIVERS -DALT_NO_INSTRUCTION_EMULATION -DALT_USE_SMALL_DRIVERS -DSMALL_C_LIB -DALT_SINGLE_THREADED    -Os -g -Wall   -mno-hw-div -mno-hw-mul -mno-hw-mulx -mgpopt=global  -o obj/default/hello_world_small.o hello_world_small.c
hello_world_small.c: In function 'main':
hello_world_small.c:106:15: warning: overflow in implicit constant conversion [-Woverflow]
  short data17=0x347AE;
               ^
In file included from hello_world_small.c:83:0:
../sdram_software_bsp//HAL/inc/io.h:63:3: error: expected ';' before '__builtin_sthio'
   __builtin_sthio (__IO_CALC_ADDRESS_DYNAMIC ((BASE), (OFFSET)), (DATA))
   ^
hello_world_small.c:169:4: note: in expansion of macro 'IOWR_16DIRECT'
    IOWR_16DIRECT(MY_SDRAM_0_BASE,0, data0);
    ^
hello_world_small.c:106:8: warning: unused variable 'data17' [-Wunused-variable]
  short data17=0x347AE;
        ^
hello_world_small.c:98:8: warning: unused variable 'data9' [-Wunused-variable]
  short data9 = 0x9999;
        ^
hello_world_small.c:97:8: warning: unused variable 'data8' [-Wunused-variable]
  short data8 = 0x8888;
        ^
make: *** [obj/default/hello_world_small.o] Error 1
