Flow report for nios_with_sdraomcontroller
Fri May 04 13:13:25 2018
Quartus Prime Version 17.1.0 Build 590 10/25/2017 SJ Lite Edition


---------------------
; Table of Contents ;
---------------------
  1. Legal Notice
  2. Flow Summary
  3. Flow Settings
  4. Flow Non-Default Global Settings
  5. Flow Elapsed Time
  6. Flow OS Summary
  7. Flow Log
  8. Flow Messages
  9. Flow Suppressed Messages



----------------
; Legal Notice ;
----------------
Copyright (C) 2017  Intel Corporation. All rights reserved.
Your use of Intel Corporation's design tools, logic functions 
and other software and tools, and its AMPP partner logic 
functions, and any output files from any of the foregoing 
(including device programming or simulation files), and any 
associated documentation or information are expressly subject 
to the terms and conditions of the Intel Program License 
Subscription Agreement, the Intel Quartus Prime License Agreement,
the Intel FPGA IP License Agreement, or other applicable license
agreement, including, without limitation, that your use is for
the sole purpose of programming logic devices manufactured by
Intel and sold by Intel or its authorized distributors.  Please
refer to the applicable agreement for further details.



+----------------------------------------------------------------------------------+
; Flow Summary                                                                     ;
+------------------------------------+---------------------------------------------+
; Flow Status                        ; Successful - Fri May 04 13:13:24 2018       ;
; Quartus Prime Version              ; 17.1.0 Build 590 10/25/2017 SJ Lite Edition ;
; Revision Name                      ; nios_with_sdraomcontroller                  ;
; Top-level Entity Name              ; nios_with_sdram                             ;
; Family                             ; Cyclone IV E                                ;
; Device                             ; EP4CE22F17C6                                ;
; Timing Models                      ; Final                                       ;
; Total logic elements               ; 3,129 / 22,320 ( 14 % )                     ;
;     Total combinational functions  ; 2,555 / 22,320 ( 11 % )                     ;
;     Dedicated logic registers      ; 2,015 / 22,320 ( 9 % )                      ;
; Total registers                    ; 2015                                        ;
; Total pins                         ; 42 / 154 ( 27 % )                           ;
; Total virtual pins                 ; 0                                           ;
; Total memory bits                  ; 441,344 / 608,256 ( 73 % )                  ;
; Embedded Multiplier 9-bit elements ; 0 / 132 ( 0 % )                             ;
; Total PLLs                         ; 1 / 4 ( 25 % )                              ;
+------------------------------------+---------------------------------------------+


+------------------------------------------------+
; Flow Settings                                  ;
+-------------------+----------------------------+
; Option            ; Setting                    ;
+-------------------+----------------------------+
; Start date & time ; 05/04/2018 13:11:44        ;
; Main task         ; Compilation                ;
; Revision Name     ; nios_with_sdraomcontroller ;
+-------------------+----------------------------+


+-----------------------------------------------------------------------------------------------------------------------------------------------------------------------------------------------------+
; Flow Non-Default Global Settings                                                                                                                                                                    ;
+-------------------------------------+---------------------------------------------------------------------------------------------+----------------------------+-----------------+------------------+
; Assignment Name                     ; Value                                                                                       ; Default Value              ; Entity Name     ; Section Id       ;
+-------------------------------------+---------------------------------------------------------------------------------------------+----------------------------+-----------------+------------------+
; COMPILER_SIGNATURE_ID               ; 71125536331155.152541970412212                                                              ; --                         ; --              ; --               ;
; EDA_OUTPUT_DATA_FORMAT              ; Vhdl                                                                                        ; --                         ; --              ; eda_simulation   ;
; EDA_SIMULATION_TOOL                 ; ModelSim-Altera (VHDL)                                                                      ; <None>                     ; --              ; --               ;
; EDA_TIME_SCALE                      ; 1 ps                                                                                        ; --                         ; --              ; eda_simulation   ;
; ENABLE_SIGNALTAP                    ; On                                                                                          ; --                         ; --              ; --               ;
; MAX_CORE_JUNCTION_TEMP              ; 85                                                                                          ; --                         ; --              ; --               ;
; MIN_CORE_JUNCTION_TEMP              ; 0                                                                                           ; --                         ; --              ; --               ;
; NOMINAL_CORE_SUPPLY_VOLTAGE         ; 1.2V                                                                                        ; --                         ; --              ; --               ;
; PARTITION_COLOR                     ; -- (Not supported for targeted family)                                                      ; --                         ; nios_with_sdram ; Top              ;
; PARTITION_FITTER_PRESERVATION_LEVEL ; -- (Not supported for targeted family)                                                      ; --                         ; nios_with_sdram ; Top              ;
; PARTITION_NETLIST_TYPE              ; -- (Not supported for targeted family)                                                      ; --                         ; nios_with_sdram ; Top              ;
; POWER_BOARD_THERMAL_MODEL           ; None (CONSERVATIVE)                                                                         ; --                         ; --              ; --               ;
; POWER_PRESET_COOLING_SOLUTION       ; 23 MM HEAT SINK WITH 200 LFPM AIRFLOW                                                       ; --                         ; --              ; --               ;
; PROJECT_OUTPUT_DIRECTORY            ; output_files                                                                                ; --                         ; --              ; --               ;
; SLD_FILE                            ; db/signaltap_analyser_auto_stripped.stp                                                     ; --                         ; --              ; --               ;
; SLD_NODE_CREATOR_ID                 ; 110                                                                                         ; --                         ; --              ; auto_signaltap_0 ;
; SLD_NODE_ENTITY_NAME                ; sld_signaltap                                                                               ; --                         ; --              ; auto_signaltap_0 ;
; SLD_NODE_PARAMETER_ASSIGNMENT       ; SLD_RAM_BLOCK_TYPE=AUTO                                                                     ; --                         ; --              ; auto_signaltap_0 ;
; SLD_NODE_PARAMETER_ASSIGNMENT       ; SLD_NODE_INFO=805334528                                                                     ; --                         ; --              ; auto_signaltap_0 ;
; SLD_NODE_PARAMETER_ASSIGNMENT       ; SLD_POWER_UP_TRIGGER=0                                                                      ; --                         ; --              ; auto_signaltap_0 ;
; SLD_NODE_PARAMETER_ASSIGNMENT       ; SLD_STORAGE_QUALIFIER_INVERSION_MASK_LENGTH=0                                               ; --                         ; --              ; auto_signaltap_0 ;
; SLD_NODE_PARAMETER_ASSIGNMENT       ; SLD_ATTRIBUTE_MEM_MODE=OFF                                                                  ; --                         ; --              ; auto_signaltap_0 ;
; SLD_NODE_PARAMETER_ASSIGNMENT       ; SLD_STATE_FLOW_USE_GENERATED=0                                                              ; --                         ; --              ; auto_signaltap_0 ;
; SLD_NODE_PARAMETER_ASSIGNMENT       ; SLD_STATE_BITS=11                                                                           ; --                         ; --              ; auto_signaltap_0 ;
; SLD_NODE_PARAMETER_ASSIGNMENT       ; SLD_BUFFER_FULL_STOP=1                                                                      ; --                         ; --              ; auto_signaltap_0 ;
; SLD_NODE_PARAMETER_ASSIGNMENT       ; SLD_CURRENT_RESOURCE_WIDTH=1                                                                ; --                         ; --              ; auto_signaltap_0 ;
; SLD_NODE_PARAMETER_ASSIGNMENT       ; SLD_INCREMENTAL_ROUTING=1                                                                   ; --                         ; --              ; auto_signaltap_0 ;
; SLD_NODE_PARAMETER_ASSIGNMENT       ; SLD_TRIGGER_LEVEL=1                                                                         ; --                         ; --              ; auto_signaltap_0 ;
; SLD_NODE_PARAMETER_ASSIGNMENT       ; SLD_TRIGGER_IN_ENABLED=0                                                                    ; --                         ; --              ; auto_signaltap_0 ;
; SLD_NODE_PARAMETER_ASSIGNMENT       ; SLD_TRIGGER_PIPELINE=0                                                                      ; --                         ; --              ; auto_signaltap_0 ;
; SLD_NODE_PARAMETER_ASSIGNMENT       ; SLD_RAM_PIPELINE=0                                                                          ; --                         ; --              ; auto_signaltap_0 ;
; SLD_NODE_PARAMETER_ASSIGNMENT       ; SLD_COUNTER_PIPELINE=0                                                                      ; --                         ; --              ; auto_signaltap_0 ;
; SLD_NODE_PARAMETER_ASSIGNMENT       ; SLD_TRIGGER_LEVEL_PIPELINE=1                                                                ; --                         ; --              ; auto_signaltap_0 ;
; SLD_NODE_PARAMETER_ASSIGNMENT       ; SLD_ENABLE_ADVANCED_TRIGGER=1                                                               ; --                         ; --              ; auto_signaltap_0 ;
; SLD_NODE_PARAMETER_ASSIGNMENT       ; SLD_INVERSION_MASK=00000000000000000000000000                                               ; --                         ; --              ; auto_signaltap_0 ;
; SLD_NODE_PARAMETER_ASSIGNMENT       ; SLD_INVERSION_MASK_LENGTH=26                                                                ; --                         ; --              ; auto_signaltap_0 ;
; SLD_NODE_PARAMETER_ASSIGNMENT       ; SLD_SEGMENT_SIZE=4096                                                                       ; --                         ; --              ; auto_signaltap_0 ;
; SLD_NODE_PARAMETER_ASSIGNMENT       ; SLD_SAMPLE_DEPTH=4096                                                                       ; --                         ; --              ; auto_signaltap_0 ;
; SLD_NODE_PARAMETER_ASSIGNMENT       ; SLD_DATA_BITS=41                                                                            ; --                         ; --              ; auto_signaltap_0 ;
; SLD_NODE_PARAMETER_ASSIGNMENT       ; SLD_TRIGGER_BITS=41                                                                         ; --                         ; --              ; auto_signaltap_0 ;
; SLD_NODE_PARAMETER_ASSIGNMENT       ; SLD_STORAGE_QUALIFIER_BITS=41                                                               ; --                         ; --              ; auto_signaltap_0 ;
; SLD_NODE_PARAMETER_ASSIGNMENT       ; SLD_ADVANCED_TRIGGER_ENTITY=sld_reserved_nios_with_sdraomcontroller_auto_signaltap_0_1_78d, ; --                         ; --              ; auto_signaltap_0 ;
; TOP_LEVEL_ENTITY                    ; nios_with_sdram                                                                             ; nios_with_sdraomcontroller ; --              ; --               ;
; USE_SIGNALTAP_FILE                  ; nios_with_sdram/signaltap_analyser.stp                                                      ; --                         ; --              ; --               ;
+-------------------------------------+---------------------------------------------------------------------------------------------+----------------------------+-----------------+------------------+


+-------------------------------------------------------------------------------------------------------------------------------+
; Flow Elapsed Time                                                                                                             ;
+---------------------------+--------------+-------------------------+---------------------+------------------------------------+
; Module Name               ; Elapsed Time ; Average Processors Used ; Peak Virtual Memory ; Total CPU Time (on all processors) ;
+---------------------------+--------------+-------------------------+---------------------+------------------------------------+
; Analysis & Synthesis      ; 00:00:59     ; 1.0                     ; 842 MB              ; 00:01:25                           ;
; Fitter                    ; 00:00:17     ; 1.0                     ; 1221 MB             ; 00:00:17                           ;
; Assembler                 ; 00:00:02     ; 1.0                     ; 616 MB              ; 00:00:02                           ;
; TimeQuest Timing Analyzer ; 00:00:06     ; 1.1                     ; 719 MB              ; 00:00:04                           ;
; EDA Netlist Writer        ; 00:00:06     ; 1.0                     ; 616 MB              ; 00:00:06                           ;
; Total                     ; 00:01:30     ; --                      ; --                  ; 00:01:54                           ;
+---------------------------+--------------+-------------------------+---------------------+------------------------------------+


+-----------------------------------------------------------------------------------------+
; Flow OS Summary                                                                         ;
+---------------------------+------------------+------------+------------+----------------+
; Module Name               ; Machine Hostname ; OS Name    ; OS Version ; Processor type ;
+---------------------------+------------------+------------+------------+----------------+
; Analysis & Synthesis      ; DESKTOP-SGICA47  ; Windows 10 ; 10.0       ; x86_64         ;
; Fitter                    ; DESKTOP-SGICA47  ; Windows 10 ; 10.0       ; x86_64         ;
; Assembler                 ; DESKTOP-SGICA47  ; Windows 10 ; 10.0       ; x86_64         ;
; TimeQuest Timing Analyzer ; DESKTOP-SGICA47  ; Windows 10 ; 10.0       ; x86_64         ;
; EDA Netlist Writer        ; DESKTOP-SGICA47  ; Windows 10 ; 10.0       ; x86_64         ;
+---------------------------+------------------+------------+------------+----------------+


------------
; Flow Log ;
------------
quartus_map --read_settings_files=on --write_settings_files=off nios_with_sdraomcontroller -c nios_with_sdraomcontroller
quartus_fit --read_settings_files=off --write_settings_files=off nios_with_sdraomcontroller -c nios_with_sdraomcontroller
quartus_asm --read_settings_files=off --write_settings_files=off nios_with_sdraomcontroller -c nios_with_sdraomcontroller
quartus_sta nios_with_sdraomcontroller -c nios_with_sdraomcontroller
quartus_eda --read_settings_files=off --write_settings_files=off nios_with_sdraomcontroller -c nios_with_sdraomcontroller



